2013-02-20 16:36:50 Error: [MissingActionException] Action UsersController::login() could not be found.
Exception Attributes: array (
  'controller' => 'UsersController',
  'action' => 'login',
)
Request URL: /cakequote/users/login
Stack Trace:
#0 /Users/sarahad/web/cakequote/lib/Cake/Routing/Dispatcher.php(186): Controller->invokeAction(Object(CakeRequest))
#1 /Users/sarahad/web/cakequote/lib/Cake/Routing/Dispatcher.php(161): Dispatcher->_invoke(Object(UsersController), Object(CakeRequest), Object(CakeResponse))
#2 /Users/sarahad/web/cakequote/app/webroot/index.php(97): Dispatcher->dispatch(Object(CakeRequest), Object(CakeResponse))
#3 {main}
2013-02-20 16:44:27 Error: [MissingActionException] Action UsersController::login() could not be found.
Exception Attributes: array (
  'controller' => 'UsersController',
  'action' => 'login',
)
Request URL: /cakequote/users/login
Stack Trace:
#0 /Users/sarahad/web/cakequote/lib/Cake/Routing/Dispatcher.php(186): Controller->invokeAction(Object(CakeRequest))
#1 /Users/sarahad/web/cakequote/lib/Cake/Routing/Dispatcher.php(161): Dispatcher->_invoke(Object(UsersController), Object(CakeRequest), Object(CakeResponse))
#2 /Users/sarahad/web/cakequote/app/webroot/index.php(97): Dispatcher->dispatch(Object(CakeRequest), Object(CakeResponse))
#3 {main}
2013-02-20 17:06:25 Error: Fatal Error (4): syntax error, unexpected '(', expecting identifier (T_STRING) or variable (T_VARIABLE) or '{' or '$' in [/Users/sarahad/web/cakequote/app/Controller/AppController.php, line 56]
2013-02-20 17:06:25 Error: [FatalErrorException] syntax error, unexpected '(', expecting identifier (T_STRING) or variable (T_VARIABLE) or '{' or '$'
Request URL: /cakequote/users
Stack Trace:
#0 /Users/sarahad/web/cakequote/lib/Cake/Error/ErrorHandler.php(183): ErrorHandler::handleFatalError(4, 'syntax error, u...', '/Users/sarahad/...', 56)
#1 [internal function]: ErrorHandler::handleError(4, 'syntax error, u...', '/Users/sarahad/...', 56, Array)
#2 /Users/sarahad/web/cakequote/lib/Cake/Core/App.php(926): call_user_func('ErrorHandler::h...', 4, 'syntax error, u...', '/Users/sarahad/...', 56, Array)
#3 /Users/sarahad/web/cakequote/lib/Cake/Core/App.php(899): App::_checkFatalError()
#4 [internal function]: App::shutdown()
#5 {main}
2013-02-20 17:18:59 Error: Fatal Error (4): syntax error, unexpected 'else' (T_ELSE) in [/Users/sarahad/web/cakequote/app/View/Layouts/default.ctp, line 47]
2013-02-20 17:18:59 Error: [FatalErrorException] syntax error, unexpected 'else' (T_ELSE)
Request URL: /cakequote/users/login
Stack Trace:
#0 /Users/sarahad/web/cakequote/lib/Cake/Error/ErrorHandler.php(183): ErrorHandler::handleFatalError(4, 'syntax error, u...', '/Users/sarahad/...', 47)
#1 [internal function]: ErrorHandler::handleError(4, 'syntax error, u...', '/Users/sarahad/...', 47, Array)
#2 /Users/sarahad/web/cakequote/lib/Cake/Core/App.php(926): call_user_func('ErrorHandler::h...', 4, 'syntax error, u...', '/Users/sarahad/...', 47, Array)
#3 /Users/sarahad/web/cakequote/lib/Cake/Core/App.php(899): App::_checkFatalError()
#4 [internal function]: App::shutdown()
#5 {main}
2013-02-20 17:19:25 Error: Fatal Error (4): syntax error, unexpected 'else' (T_ELSE) in [/Users/sarahad/web/cakequote/app/View/Layouts/default.ctp, line 47]
2013-02-20 17:19:25 Error: [FatalErrorException] syntax error, unexpected 'else' (T_ELSE)
Request URL: /cakequote/users/login
Stack Trace:
#0 /Users/sarahad/web/cakequote/lib/Cake/Error/ErrorHandler.php(183): ErrorHandler::handleFatalError(4, 'syntax error, u...', '/Users/sarahad/...', 47)
#1 [internal function]: ErrorHandler::handleError(4, 'syntax error, u...', '/Users/sarahad/...', 47, Array)
#2 /Users/sarahad/web/cakequote/lib/Cake/Core/App.php(926): call_user_func('ErrorHandler::h...', 4, 'syntax error, u...', '/Users/sarahad/...', 47, Array)
#3 /Users/sarahad/web/cakequote/lib/Cake/Core/App.php(899): App::_checkFatalError()
#4 [internal function]: App::shutdown()
#5 {main}
2013-02-20 17:19:47 Error: Fatal Error (1): Call to a member function link() on a non-object in [/Users/sarahad/web/cakequote/app/View/Layouts/default.ctp, line 46]
2013-02-20 17:19:47 Error: [FatalErrorException] Call to a member function link() on a non-object
Request URL: /cakequote/
Stack Trace:
#0 /Users/sarahad/web/cakequote/lib/Cake/Error/ErrorHandler.php(183): ErrorHandler::handleFatalError(1, 'Call to a membe...', '/Users/sarahad/...', 46)
#1 [internal function]: ErrorHandler::handleError(1, 'Call to a membe...', '/Users/sarahad/...', 46, Array)
#2 /Users/sarahad/web/cakequote/lib/Cake/Core/App.php(926): call_user_func('ErrorHandler::h...', 1, 'Call to a membe...', '/Users/sarahad/...', 46, Array)
#3 /Users/sarahad/web/cakequote/lib/Cake/Core/App.php(899): App::_checkFatalError()
#4 [internal function]: App::shutdown()
#5 {main}
2013-02-20 17:59:14 Error: Fatal Error (4): syntax error, unexpected 'public' (T_PUBLIC) in [/Users/sarahad/web/cakequote/app/Controller/UsersController.php, line 36]
2013-02-20 17:59:14 Error: [FatalErrorException] syntax error, unexpected 'public' (T_PUBLIC)
Request URL: /cakequote/users/edit/3
Stack Trace:
#0 /Users/sarahad/web/cakequote/lib/Cake/Error/ErrorHandler.php(183): ErrorHandler::handleFatalError(4, 'syntax error, u...', '/Users/sarahad/...', 36)
#1 [internal function]: ErrorHandler::handleError(4, 'syntax error, u...', '/Users/sarahad/...', 36, Array)
#2 /Users/sarahad/web/cakequote/lib/Cake/Core/App.php(926): call_user_func('ErrorHandler::h...', 4, 'syntax error, u...', '/Users/sarahad/...', 36, Array)
#3 /Users/sarahad/web/cakequote/lib/Cake/Core/App.php(899): App::_checkFatalError()
#4 [internal function]: App::shutdown()
#5 {main}
2013-02-20 17:59:29 Error: Fatal Error (4): syntax error, unexpected 'public' (T_PUBLIC) in [/Users/sarahad/web/cakequote/app/Controller/UsersController.php, line 36]
2013-02-20 17:59:29 Error: [FatalErrorException] syntax error, unexpected 'public' (T_PUBLIC)
Request URL: /cakequote/users/
Stack Trace:
#0 /Users/sarahad/web/cakequote/lib/Cake/Error/ErrorHandler.php(183): ErrorHandler::handleFatalError(4, 'syntax error, u...', '/Users/sarahad/...', 36)
#1 [internal function]: ErrorHandler::handleError(4, 'syntax error, u...', '/Users/sarahad/...', 36, Array)
#2 /Users/sarahad/web/cakequote/lib/Cake/Core/App.php(926): call_user_func('ErrorHandler::h...', 4, 'syntax error, u...', '/Users/sarahad/...', 36, Array)
#3 /Users/sarahad/web/cakequote/lib/Cake/Core/App.php(899): App::_checkFatalError()
#4 [internal function]: App::shutdown()
#5 {main}
2013-02-20 18:00:19 Error: Fatal Error (4): syntax error, unexpected 'public' (T_PUBLIC) in [/Users/sarahad/web/cakequote/app/Controller/UsersController.php, line 36]
2013-02-20 18:00:19 Error: [FatalErrorException] syntax error, unexpected 'public' (T_PUBLIC)
Request URL: /cakequote/users/edit/
Stack Trace:
#0 /Users/sarahad/web/cakequote/lib/Cake/Error/ErrorHandler.php(183): ErrorHandler::handleFatalError(4, 'syntax error, u...', '/Users/sarahad/...', 36)
#1 [internal function]: ErrorHandler::handleError(4, 'syntax error, u...', '/Users/sarahad/...', 36, Array)
#2 /Users/sarahad/web/cakequote/lib/Cake/Core/App.php(926): call_user_func('ErrorHandler::h...', 4, 'syntax error, u...', '/Users/sarahad/...', 36, Array)
#3 /Users/sarahad/web/cakequote/lib/Cake/Core/App.php(899): App::_checkFatalError()
#4 [internal function]: App::shutdown()
#5 {main}
2013-02-20 18:01:27 Error: Fatal Error (4): syntax error, unexpected 'public' (T_PUBLIC) in [/Users/sarahad/web/cakequote/app/Controller/UsersController.php, line 39]
2013-02-20 18:01:27 Error: [FatalErrorException] syntax error, unexpected 'public' (T_PUBLIC)
Request URL: /cakequote/users/edit/
Stack Trace:
#0 /Users/sarahad/web/cakequote/lib/Cake/Error/ErrorHandler.php(183): ErrorHandler::handleFatalError(4, 'syntax error, u...', '/Users/sarahad/...', 39)
#1 [internal function]: ErrorHandler::handleError(4, 'syntax error, u...', '/Users/sarahad/...', 39, Array)
#2 /Users/sarahad/web/cakequote/lib/Cake/Core/App.php(926): call_user_func('ErrorHandler::h...', 4, 'syntax error, u...', '/Users/sarahad/...', 39, Array)
#3 /Users/sarahad/web/cakequote/lib/Cake/Core/App.php(899): App::_checkFatalError()
#4 [internal function]: App::shutdown()
#5 {main}
2013-02-20 18:42:34 Error: Fatal Error (4): syntax error, unexpected ')' in [/Users/sarahad/web/cakequote/app/Controller/QuotesController.php, line 28]
2013-02-20 18:42:34 Error: [FatalErrorException] syntax error, unexpected ')'
Request URL: /cakequote/quotes/add
Stack Trace:
#0 /Users/sarahad/web/cakequote/lib/Cake/Error/ErrorHandler.php(183): ErrorHandler::handleFatalError(4, 'syntax error, u...', '/Users/sarahad/...', 28)
#1 [internal function]: ErrorHandler::handleError(4, 'syntax error, u...', '/Users/sarahad/...', 28, Array)
#2 /Users/sarahad/web/cakequote/lib/Cake/Core/App.php(926): call_user_func('ErrorHandler::h...', 4, 'syntax error, u...', '/Users/sarahad/...', 28, Array)
#3 /Users/sarahad/web/cakequote/lib/Cake/Core/App.php(899): App::_checkFatalError()
#4 [internal function]: App::shutdown()
#5 {main}
2013-02-20 18:42:49 Error: Fatal Error (4): syntax error, unexpected ')' in [/Users/sarahad/web/cakequote/app/Controller/QuotesController.php, line 28]
2013-02-20 18:42:49 Error: [FatalErrorException] syntax error, unexpected ')'
Request URL: /cakequote/
Stack Trace:
#0 /Users/sarahad/web/cakequote/lib/Cake/Error/ErrorHandler.php(183): ErrorHandler::handleFatalError(4, 'syntax error, u...', '/Users/sarahad/...', 28)
#1 [internal function]: ErrorHandler::handleError(4, 'syntax error, u...', '/Users/sarahad/...', 28, Array)
#2 /Users/sarahad/web/cakequote/lib/Cake/Core/App.php(926): call_user_func('ErrorHandler::h...', 4, 'syntax error, u...', '/Users/sarahad/...', 28, Array)
#3 /Users/sarahad/web/cakequote/lib/Cake/Core/App.php(899): App::_checkFatalError()
#4 [internal function]: App::shutdown()
#5 {main}
2013-02-21 19:16:51 Error: [MissingControllerException] Controller class CssController could not be found.
Exception Attributes: array (
  'class' => 'CssController',
  'plugin' => NULL,
)
Request URL: /cakequote/css/img/fleur.jpg
Stack Trace:
#0 /Users/sarahad/web/cakequote/app/webroot/index.php(97): Dispatcher->dispatch(Object(CakeRequest), Object(CakeResponse))
#1 {main}
2013-02-21 19:17:39 Error: [MissingControllerException] Controller class CssController could not be found.
Exception Attributes: array (
  'class' => 'CssController',
  'plugin' => NULL,
)
Request URL: /cakequote/css/img/fleur.jpg
Stack Trace:
#0 /Users/sarahad/web/cakequote/app/webroot/index.php(97): Dispatcher->dispatch(Object(CakeRequest), Object(CakeResponse))
#1 {main}
2013-02-21 19:17:55 Error: [MissingControllerException] Controller class CssController could not be found.
Exception Attributes: array (
  'class' => 'CssController',
  'plugin' => NULL,
)
Request URL: /cakequote/css/img/fleur.jpg
Stack Trace:
#0 /Users/sarahad/web/cakequote/app/webroot/index.php(97): Dispatcher->dispatch(Object(CakeRequest), Object(CakeResponse))
#1 {main}
2013-02-21 19:18:03 Error: [MissingControllerException] Controller class CssController could not be found.
Exception Attributes: array (
  'class' => 'CssController',
  'plugin' => NULL,
)
Request URL: /cakequote/css/img/fleur.jpg
Stack Trace:
#0 /Users/sarahad/web/cakequote/app/webroot/index.php(97): Dispatcher->dispatch(Object(CakeRequest), Object(CakeResponse))
#1 {main}
2013-02-21 19:18:52 Error: [MissingControllerException] Controller class CssController could not be found.
Exception Attributes: array (
  'class' => 'CssController',
  'plugin' => NULL,
)
Request URL: /cakequote/css/img/fleur.jpg
Stack Trace:
#0 /Users/sarahad/web/cakequote/app/webroot/index.php(97): Dispatcher->dispatch(Object(CakeRequest), Object(CakeResponse))
#1 {main}
2013-02-21 19:19:10 Error: [MissingControllerException] Controller class CssController could not be found.
Exception Attributes: array (
  'class' => 'CssController',
  'plugin' => NULL,
)
Request URL: /cakequote/css/img/fleur.jpg
Stack Trace:
#0 /Users/sarahad/web/cakequote/app/webroot/index.php(97): Dispatcher->dispatch(Object(CakeRequest), Object(CakeResponse))
#1 {main}
2013-02-21 19:19:37 Error: [MissingControllerException] Controller class CssController could not be found.
Exception Attributes: array (
  'class' => 'CssController',
  'plugin' => NULL,
)
Request URL: /cakequote/css/img/fleur.jpg
Stack Trace:
#0 /Users/sarahad/web/cakequote/app/webroot/index.php(97): Dispatcher->dispatch(Object(CakeRequest), Object(CakeResponse))
#1 {main}
2013-02-21 23:42:39 Error: [MissingControllerException] Controller class CssController could not be found.
Exception Attributes: array (
  'class' => 'CssController',
  'plugin' => NULL,
)
Request URL: /cakequote/css/img/fleur.jpg
Stack Trace:
#0 /Users/sarahad/web/cakequote/app/webroot/index.php(97): Dispatcher->dispatch(Object(CakeRequest), Object(CakeResponse))
#1 {main}
2013-02-21 23:47:55 Error: [MissingControllerException] Controller class CssController could not be found.
Exception Attributes: array (
  'class' => 'CssController',
  'plugin' => NULL,
)
Request URL: /cakequote/css/img/lila.png
Stack Trace:
#0 /Users/sarahad/web/cakequote/app/webroot/index.php(97): Dispatcher->dispatch(Object(CakeRequest), Object(CakeResponse))
#1 {main}
2013-02-22 00:05:42 Error: [MissingControllerException] Controller class ImgController could not be found.
Exception Attributes: array (
  'class' => 'ImgController',
  'plugin' => NULL,
)
Request URL: /cakequote/img/leur.png
Stack Trace:
#0 /Users/sarahad/web/cakequote/app/webroot/index.php(97): Dispatcher->dispatch(Object(CakeRequest), Object(CakeResponse))
#1 {main}
